<?xml version="1.0" encoding="UTF-8"?>
<testsuite name="com.mdrsolutions.springbootprod.ProdreadyApplicationTests" tests="1" skipped="0" failures="0" errors="0" timestamp="2022-08-22T16:07:28" hostname="LAPTOP-SSLE8467" time="0.413">
  <properties/>
  <testcase name="contextLoads()" classname="com.mdrsolutions.springbootprod.ProdreadyApplicationTests" time="0.413"/>
  <system-out><![CDATA[18:07:24.881 [Test worker] DEBUG org.springframework.test.context.BootstrapUtils - Instantiating CacheAwareContextLoaderDelegate from class [org.springframework.test.context.cache.DefaultCacheAwareContextLoaderDelegate]
18:07:24.903 [Test worker] DEBUG org.springframework.test.context.BootstrapUtils - Instantiating BootstrapContext using constructor [public org.springframework.test.context.support.DefaultBootstrapContext(java.lang.Class,org.springframework.test.context.CacheAwareContextLoaderDelegate)]
18:07:24.935 [Test worker] DEBUG org.springframework.test.context.BootstrapUtils - Instantiating TestContextBootstrapper for test class [com.mdrsolutions.springbootprod.ProdreadyApplicationTests] from class [org.springframework.boot.test.context.SpringBootTestContextBootstrapper]
18:07:24.950 [Test worker] INFO org.springframework.boot.test.context.SpringBootTestContextBootstrapper - Neither @ContextConfiguration nor @ContextHierarchy found for test class [com.mdrsolutions.springbootprod.ProdreadyApplicationTests], using SpringBootContextLoader
18:07:24.950 [Test worker] DEBUG org.springframework.test.context.support.AbstractContextLoader - Did not detect default resource location for test class [com.mdrsolutions.springbootprod.ProdreadyApplicationTests]: class path resource [com/mdrsolutions/springbootprod/ProdreadyApplicationTests-context.xml] does not exist
18:07:24.950 [Test worker] DEBUG org.springframework.test.context.support.AbstractContextLoader - Did not detect default resource location for test class [com.mdrsolutions.springbootprod.ProdreadyApplicationTests]: class path resource [com/mdrsolutions/springbootprod/ProdreadyApplicationTestsContext.groovy] does not exist
18:07:24.950 [Test worker] INFO org.springframework.test.context.support.AbstractContextLoader - Could not detect default resource locations for test class [com.mdrsolutions.springbootprod.ProdreadyApplicationTests]: no resource found for suffixes {-context.xml, Context.groovy}.
18:07:24.950 [Test worker] INFO org.springframework.test.context.support.AnnotationConfigContextLoaderUtils - Could not detect default configuration classes for test class [com.mdrsolutions.springbootprod.ProdreadyApplicationTests]: ProdreadyApplicationTests does not declare any static, non-private, non-final, nested classes annotated with @Configuration.
18:07:25.019 [Test worker] DEBUG org.springframework.test.context.support.ActiveProfilesUtils - Could not find an 'annotation declaring class' for annotation type [org.springframework.test.context.ActiveProfiles] and class [com.mdrsolutions.springbootprod.ProdreadyApplicationTests]
18:07:25.097 [Test worker] DEBUG org.springframework.context.annotation.ClassPathScanningCandidateComponentProvider - Identified candidate component class: file [C:\Users\RicardoPraga\Documents\Corsi Linkedin\SpringBootProduction\build\classes\java\main\com\mdrsolutions\springbootprod\SpringBootProdApplication.class]
18:07:25.104 [Test worker] INFO org.springframework.boot.test.context.SpringBootTestContextBootstrapper - Found @SpringBootConfiguration com.mdrsolutions.springbootprod.SpringBootProdApplication for test class com.mdrsolutions.springbootprod.ProdreadyApplicationTests
18:07:25.204 [Test worker] DEBUG org.springframework.boot.test.context.SpringBootTestContextBootstrapper - @TestExecutionListeners is not present for class [com.mdrsolutions.springbootprod.ProdreadyApplicationTests]: using defaults.
18:07:25.204 [Test worker] INFO org.springframework.boot.test.context.SpringBootTestContextBootstrapper - Loaded default TestExecutionListener class names from location [META-INF/spring.factories]: [org.springframework.boot.test.autoconfigure.restdocs.RestDocsTestExecutionListener, org.springframework.boot.test.autoconfigure.web.client.MockRestServiceServerResetTestExecutionListener, org.springframework.boot.test.autoconfigure.web.servlet.MockMvcPrintOnlyOnFailureTestExecutionListener, org.springframework.boot.test.autoconfigure.web.servlet.WebDriverTestExecutionListener, org.springframework.boot.test.autoconfigure.webservices.client.MockWebServiceServerTestExecutionListener, org.springframework.boot.test.mock.mockito.MockitoTestExecutionListener, org.springframework.boot.test.mock.mockito.ResetMocksTestExecutionListener, org.springframework.test.context.web.ServletTestExecutionListener, org.springframework.test.context.support.DirtiesContextBeforeModesTestExecutionListener, org.springframework.test.context.event.ApplicationEventsTestExecutionListener, org.springframework.test.context.support.DependencyInjectionTestExecutionListener, org.springframework.test.context.support.DirtiesContextTestExecutionListener, org.springframework.test.context.transaction.TransactionalTestExecutionListener, org.springframework.test.context.jdbc.SqlScriptsTestExecutionListener, org.springframework.test.context.event.EventPublishingTestExecutionListener]
18:07:25.236 [Test worker] DEBUG org.springframework.boot.test.context.SpringBootTestContextBootstrapper - Skipping candidate TestExecutionListener [org.springframework.test.context.transaction.TransactionalTestExecutionListener] due to a missing dependency. Specify custom listener classes or make the default listener classes and their required dependencies available. Offending class: [org/springframework/transaction/TransactionDefinition]
18:07:25.236 [Test worker] DEBUG org.springframework.boot.test.context.SpringBootTestContextBootstrapper - Skipping candidate TestExecutionListener [org.springframework.test.context.jdbc.SqlScriptsTestExecutionListener] due to a missing dependency. Specify custom listener classes or make the default listener classes and their required dependencies available. Offending class: [org/springframework/transaction/interceptor/TransactionAttribute]
18:07:25.236 [Test worker] INFO org.springframework.boot.test.context.SpringBootTestContextBootstrapper - Using TestExecutionListeners: [org.springframework.test.context.web.ServletTestExecutionListener@5dbcae84, org.springframework.test.context.support.DirtiesContextBeforeModesTestExecutionListener@728f1780, org.springframework.test.context.event.ApplicationEventsTestExecutionListener@5342ec83, org.springframework.boot.test.mock.mockito.MockitoTestExecutionListener@6a2b27f3, org.springframework.boot.test.autoconfigure.SpringBootDependencyInjectionTestExecutionListener@525b6cbc, org.springframework.test.context.support.DirtiesContextTestExecutionListener@58e25260, org.springframework.test.context.event.EventPublishingTestExecutionListener@1c008b0b, org.springframework.boot.test.autoconfigure.restdocs.RestDocsTestExecutionListener@2f2733c7, org.springframework.boot.test.autoconfigure.web.client.MockRestServiceServerResetTestExecutionListener@26109413, org.springframework.boot.test.autoconfigure.web.servlet.MockMvcPrintOnlyOnFailureTestExecutionListener@6c2ba3e3, org.springframework.boot.test.autoconfigure.web.servlet.WebDriverTestExecutionListener@74eb35be, org.springframework.boot.test.autoconfigure.webservices.client.MockWebServiceServerTestExecutionListener@62c489ef, org.springframework.boot.test.mock.mockito.ResetMocksTestExecutionListener@405629a8]
18:07:25.236 [Test worker] DEBUG org.springframework.test.context.support.AbstractDirtiesContextTestExecutionListener - Before test class: context [DefaultTestContext@b10d9c testClass = ProdreadyApplicationTests, testInstance = [null], testMethod = [null], testException = [null], mergedContextConfiguration = [WebMergedContextConfiguration@6cba7ba4 testClass = ProdreadyApplicationTests, locations = '{}', classes = '{class com.mdrsolutions.springbootprod.SpringBootProdApplication}', contextInitializerClasses = '[]', activeProfiles = '{}', propertySourceLocations = '{}', propertySourceProperties = '{org.springframework.boot.test.context.SpringBootTestContextBootstrapper=true}', contextCustomizers = set[org.springframework.boot.test.autoconfigure.actuate.metrics.MetricsExportContextCustomizerFactory$DisableMetricExportContextCustomizer@58abf630, org.springframework.boot.test.autoconfigure.properties.PropertyMappingContextCustomizer@0, org.springframework.boot.test.autoconfigure.web.servlet.WebDriverContextCustomizerFactory$Customizer@37bff7c7, org.springframework.boot.test.context.filter.ExcludeFilterContextCustomizer@45a95dba, org.springframework.boot.test.json.DuplicateJsonObjectContextCustomizerFactory$DuplicateJsonObjectContextCustomizer@1f3d43ef, org.springframework.boot.test.mock.mockito.MockitoContextCustomizer@0, org.springframework.boot.test.web.client.TestRestTemplateContextCustomizer@66ede116, org.springframework.boot.test.context.SpringBootTestArgs@1, org.springframework.boot.test.context.SpringBootTestWebEnvironment@196aa4d0], resourceBasePath = 'src/main/webapp', contextLoader = 'org.springframework.boot.test.context.SpringBootContextLoader', parent = [null]], attributes = map['org.springframework.test.context.web.ServletTestExecutionListener.activateListener' -> true]], class annotated with @DirtiesContext [false] with mode [null].
18:07:25.284 [Test worker] DEBUG org.springframework.test.context.support.TestPropertySourceUtils - Adding inlined properties to environment: {spring.jmx.enabled=false, org.springframework.boot.test.context.SpringBootTestContextBootstrapper=true}

  .   ____          _            __ _ _
 /\\ / ___'_ __ _ _(_)_ __  __ _ \ \ \ \
( ( )\___ | '_ | '_| | '_ \/ _` | \ \ \ \
 \\/  ___)| |_)| | | | | || (_| |  ) ) ) )
  '  |____| .__|_| |_|_| |_\__, | / / / /
 =========|_|==============|___/=/_/_/_/
 :: Spring Boot ::                (v2.5.4)

2022-08-22 18:07:25.653  INFO 20412 --- [    Test worker] c.m.s.ProdreadyApplicationTests          : Starting ProdreadyApplicationTests using Java 11.0.11 on LAPTOP-SSLE8467 with PID 20412 (started by RicardoPraga in C:\Users\RicardoPraga\Documents\Corsi Linkedin\SpringBootProduction)
2022-08-22 18:07:25.668  INFO 20412 --- [    Test worker] c.m.s.ProdreadyApplicationTests          : No active profile set, falling back to default profiles: default
2022-08-22 18:07:27.763  INFO 20412 --- [    Test worker] o.s.b.a.w.s.WelcomePageHandlerMapping    : Adding welcome page template: index
2022-08-22 18:07:28.312  INFO 20412 --- [    Test worker] o.s.b.a.e.web.EndpointLinksResolver      : Exposing 4 endpoint(s) beneath base path '/actuator'
2022-08-22 18:07:28.381  INFO 20412 --- [    Test worker] c.m.s.ProdreadyApplicationTests          : Started ProdreadyApplicationTests in 3.098 seconds (JVM running for 4.966)
]]></system-out>
  <system-err><![CDATA[]]></system-err>
</testsuite>
